<?xml version="1.0" encoding="UTF-8"?>
<!-- Generated by org.testng.reporters.JUnitReportReporter -->
<testsuite skipped="0" hostname="LAPTOP-S8AHQPON" name="testNGpjt2.Test6" tests="2" failures="0" timestamp="20 Sep 2019 16:29:09 GMT" time="0.008" errors="0">
  <testcase name="Edituser" time="0.004" classname="testNGpjt2.Test6"/>
  <testcase name="Deleteuser" time="0.004" classname="testNGpjt2.Test6"/>
</testsuite> <!-- testNGpjt2.Test6 -->
