<?xml version="1.0" encoding="UTF-8"?>
<!-- Generated by org.testng.reporters.JUnitReportReporter -->
<testsuite skipped="0" hostname="LAPTOP-S8AHQPON" name="testNGpjt.Test5" tests="1" failures="0" timestamp="20 Sep 2019 16:24:14 GMT" time="0.020" errors="0">
  <testcase name="Deleteuser" time="0.020" classname="testNGpjt.Test5"/>
</testsuite> <!-- testNGpjt.Test5 -->
